2019/04/19 16:28:38 ReceiveVerifiedBlock  cc58
2019/04/19 16:28:41 ReceiveVerifiedBlock  cea6
2019/04/19 16:28:41 TransactionInBlock ab8ed680e5d6424c78c6e0f4e914e831
2019/04/19 16:28:41 TransactionInBlock ca210ef02af291644cef63ccdc6800c0
2019/04/19 16:28:41 TransactionInBlock 636a5b3dc381d128ec9e51290fc8af24
2019/04/19 16:28:41 TransactionInBlock f8da01a3af5bb0dfaecf388ae7d0b95a
2019/04/19 16:28:41 TransactionInBlock 567a60697fed27f6d060c154d7d8a3a7
2019/04/19 16:28:41 TransactionInBlock 1c456d9491f3e2ac9a839e68e7d1bd41
2019/04/19 16:28:41 TransactionInBlock d75dd3428812077e94c4a0703bb2aed9
2019/04/19 16:28:43 ReceiveVerifiedBlock  92cd
2019/04/19 16:28:43 TransactionInBlock fa0ed7bd1e817c7e2bb4932e57a66317
2019/04/19 16:28:44 ReceiveVerifiedBlock  9c71
2019/04/19 16:28:44 ReceiveVerifiedBlock  85e9
2019/04/19 16:28:45 ReceiveVerifiedBlock  caf1
2019/04/19 16:28:47 ReceiveVerifiedBlock  406a
2019/04/19 16:28:50 ReceiveVerifiedBlock  1f5d
2019/04/19 16:28:50 TransactionInBlock c774d769c6429333fd0a643156eeb446
2019/04/19 16:28:50 TransactionInBlock 5f5c48420553ec28cd66f787cd556894
2019/04/19 16:28:59 ReceiveVerifiedBlock  2599
2019/04/19 16:28:59 TransactionInBlock 3ae11f12b31d8247d8627c89cbdce768
2019/04/19 16:29:00 ReceiveVerifiedBlock  c3a2
2019/04/19 16:29:00 TransactionInBlock 52743d925908a919171b4c18576ee809
2019/04/19 16:29:01 ReceiveVerifiedBlock  386e
2019/04/19 16:29:05 ReceiveVerifiedBlock  b887
2019/04/19 16:29:05 TransactionInBlock 2bd34e04935a5da8890e2a42a2268524
2019/04/19 16:29:06 ReceiveVerifiedBlock  c2d2
2019/04/19 16:29:06 TransactionInBlock c6c234a48f552d7f877d8413af29174f
2019/04/19 16:29:06 TransactionInBlock 7c050b1b1e64d5c2582838d8d04264c9
2019/04/19 16:29:07 ReceiveVerifiedBlock  08f6
2019/04/19 16:29:07 ReceiveVerifiedBlock  a6e9
2019/04/19 16:29:07 TransactionInBlock 17d87847513b766050bda638c642a5d4
2019/04/19 16:29:07 TransactionInBlock b864c770f1314bdbc8a4ea82a59a2ebc
2019/04/19 16:29:09 ReceiveVerifiedBlock  4432
2019/04/19 16:29:09 TransactionInBlock 5dd3859a8e9edc067c063e294d114239
2019/04/19 16:29:11 ReceiveVerifiedBlock  7665
2019/04/19 16:29:15 ReceiveVerifiedBlock  bc52
2019/04/19 16:29:15 ReceiveVerifiedBlock  aa22
2019/04/19 16:29:17 ReceiveVerifiedBlock  8e44
2019/04/19 16:29:17 ReceiveVerifiedBlock  eccc
2019/04/19 16:29:17 TransactionInBlock 122b74949ecc083ff5ecad1483e56e96
2019/04/19 16:29:20 ReceiveVerifiedBlock  fd4a
2019/04/19 16:29:20 ReceiveVerifiedBlock  700e
2019/04/19 16:29:29 ReceiveVerifiedBlock  3821
2019/04/19 16:29:29 ReceiveVerifiedBlock  6783
2019/04/19 16:29:29 TransactionInBlock 45becedf5c623541cf21b12c25a5a5cb
2019/04/19 16:29:31 ReceiveVerifiedBlock  ebb0
2019/04/19 16:29:33 ReceiveVerifiedBlock  d36f
2019/04/19 16:29:37 ReceiveVerifiedBlock  cf75
2019/04/19 16:29:37 TransactionInBlock 7c4c31fad851120263b0409ab9f2a678
2019/04/19 16:29:43 ReceiveVerifiedBlock  3baf
2019/04/19 16:29:43 TransactionInBlock 4d72ddaa076cc4a49b4039408ce0981c
2019/04/19 16:29:43 TransactionInBlock 2887021f30de20b5f4bc5ba44f321de1
2019/04/19 16:29:44 ReceiveVerifiedBlock  15a2
2019/04/19 16:29:44 TransactionInBlock 2dbff6cbbb31362affb68f4bbc0a30c0
2019/04/19 16:29:44 TransactionInBlock a0f1dd24b0eb7fdce0efbefd8742114c
2019/04/19 16:29:44 TransactionInBlock b5c960ea0eb8e402cbb5bc436e6e20d1
2019/04/19 16:29:45 ReceiveVerifiedBlock  5261
2019/04/19 16:29:45 ReceiveVerifiedBlock  b77b
2019/04/19 16:29:46 ReceiveVerifiedBlock  b70b
2019/04/19 16:29:47 ReceiveVerifiedBlock  5511
2019/04/19 16:29:47 ReceiveVerifiedBlock  abba
2019/04/19 16:29:49 ReceiveVerifiedBlock  e6a0
2019/04/19 16:29:49 ReceiveVerifiedBlock  53dd
2019/04/19 16:29:50 ReceiveVerifiedBlock  3ae3
2019/04/19 16:29:50 TransactionInBlock c5815ae5cf6ec6c86fb644f22937803f
2019/04/19 16:29:51 ReceiveVerifiedBlock  fb84
2019/04/19 16:29:52 ReceiveVerifiedBlock  e983
2019/04/19 16:29:53 ReceiveVerifiedBlock  b4d1
2019/04/19 16:29:55 ReceiveVerifiedBlock  8fc2
2019/04/19 16:29:57 ReceiveVerifiedBlock  1525
2019/04/19 16:29:57 ReceiveVerifiedBlock  de88
2019/04/19 16:29:58 ReceiveVerifiedBlock  eba4
2019/04/19 16:29:58 TransactionInBlock b85e554bb98deef3f767e1accb82b1a1
2019/04/19 16:29:58 TransactionInBlock 5f7cbd9c933b935ce6ef6fff8d9e6933
2019/04/19 16:29:58 ReceiveVerifiedBlock  3d04
2019/04/19 16:30:02 ReceiveVerifiedBlock  fc24
2019/04/19 16:30:04 ReceiveVerifiedBlock  1ad4
2019/04/19 16:30:04 TransactionInBlock 8118b14634c94bda2d6509a5c9d622a5
2019/04/19 16:30:12 ReceiveVerifiedBlock  3189
2019/04/19 16:30:23 ReceiveVerifiedBlock  106b
2019/04/19 16:30:23 TransactionInBlock 65f82e2232b39b1d3ce7fbea1f3571c9
2019/04/19 16:30:23 TransactionInBlock 6814b5f621d1616025168c519e9ab633
2019/04/19 16:30:41 ReceiveVerifiedBlock  54cd
2019/04/19 16:30:41 TransactionInBlock 0ac98bf1ab6954f59fab311838b96107
2019/04/19 16:30:41 TransactionInBlock 96a6b20d5b41e7e1d34de838f54ad0be
2019/04/19 16:30:41 TransactionInBlock 55cb764abc14eee19c07f5fc0d388961
2019/04/19 16:30:41 TransactionInBlock 06d246880925f7ad2be8b623a63ed391
2019/04/19 16:30:41 TransactionInBlock be77a5af60a05daca36ca050bbc5ccaf
2019/04/19 16:30:41 TransactionInBlock 605e381330aeb1e1b534873b4330f4a8
2019/04/19 16:30:41 TransactionInBlock 00b38ef4270005da8d41675f1623b8c1
2019/04/19 16:30:41 TransactionInBlock 76bf0c1af044201d4a4dc03f9a904944
2019/04/19 16:30:41 TransactionInBlock 7da42cf640c5fbc462b848b279995400
2019/04/19 16:30:41 TransactionInBlock 5a31a592b438593d4d3d9f847517570e
2019/04/19 16:30:41 TransactionInBlock 06863d79cfdd0390b98257c9c113540f
2019/04/19 16:30:41 TransactionInBlock 329523e426202eac26402e43fb6e8de3
2019/04/19 16:30:41 TransactionInBlock ffad6586b9e46d757d97487281398a5f
2019/04/19 16:30:41 TransactionInBlock d598ceab825d7387479a99bff9d13625
2019/04/19 16:30:41 TransactionInBlock 13c51fb2371ec8449e0da4356ac111ca
2019/04/19 16:30:41 TransactionInBlock 4ffb6f96bddcdd4fd97f9ee8ec02149d
2019/04/19 16:30:41 TransactionInBlock f49340f0c305b6f2f42a60412670268b
2019/04/19 16:30:41 TransactionInBlock 2b0b00bb1bccbeb5f265bf789239173b
2019/04/19 16:30:41 TransactionInBlock ffbb180a8ace76cb0572771e7a32e87f
2019/04/19 16:30:41 TransactionInBlock fedc703d2351977aca9cc8079a213ac8
2019/04/19 16:30:41 TransactionInBlock 3a43c3ee0787ca01885e8d1252f85ebc
2019/04/19 16:30:41 TransactionInBlock 35affdb070766efa5516cfe677ebfbb9
2019/04/19 16:30:41 TransactionInBlock 3fbb7322678f79331c1d727c62cdb814
2019/04/19 16:30:41 TransactionInBlock 5b5ab9e7e67a20d50d684123ce6f5ad4
2019/04/19 16:30:41 TransactionInBlock d5fb6c486cf971834f29e76934d10c71
2019/04/19 16:30:41 TransactionInBlock f5990a2d66b5b28ccf058ec33af358c0
2019/04/19 16:30:43 ReceiveVerifiedBlock  fd81
2019/04/19 16:30:43 TransactionInBlock a2943098ddc23a228201d56c1315e4be
2019/04/19 16:30:45 ReceiveVerifiedBlock  e6b4
2019/04/19 16:30:45 TransactionInBlock dec565cd4fceea6845741dec80d85532
2019/04/19 16:30:48 ReceiveVerifiedBlock  9b84
2019/04/19 16:30:49 ReceiveVerifiedBlock  cc44
2019/04/19 16:30:50 ReceiveVerifiedBlock  22e8
2019/04/19 16:30:51 ReceiveVerifiedBlock  cbd2
2019/04/19 16:30:52 ReceiveVerifiedBlock  dfce
2019/04/19 16:30:52 TransactionInBlock b58c2da8c1e3f3dbe31eeae639232f8b
2019/04/19 16:30:52 TransactionInBlock 1c7df8eb8bb9749fabbf7232925558da
2019/04/19 16:30:52 TransactionInBlock 77c023fb83384fc0074c4a3dd24f8ce2
2019/04/19 16:30:52 TransactionInBlock c4cd37325f1c36f679ca8477692dd178
2019/04/19 16:30:54 ReceiveVerifiedBlock  2fdb
2019/04/19 16:30:58 ReceiveVerifiedBlock  d96f
2019/04/19 16:30:58 TransactionInBlock c640f91e697b331b309f06b394cd367c
2019/04/19 16:30:58 TransactionInBlock 985ec4876af0fad8c91c34c4d4831aa2
2019/04/19 16:31:00 ReceiveVerifiedBlock  e2f7
2019/04/19 16:31:00 TransactionInBlock 96ee48d084fe9f3249bf93c9b89ad957
2019/04/19 16:31:01 ReceiveVerifiedBlock  94fd
2019/04/19 16:31:01 TransactionInBlock b4972f492ddbb5775047b827aa3e1afc
2019/04/19 16:31:05 ReceiveVerifiedBlock  fab6
2019/04/19 16:31:15 ReceiveVerifiedBlock  0f0d
2019/04/19 16:31:21 ReceiveVerifiedBlock  4748
2019/04/19 16:31:21 TransactionInBlock 4cdfb7efef19362a310d832050878bb4
2019/04/19 16:31:28 ReceiveVerifiedBlock  b9ee
2019/04/19 16:31:28 TransactionInBlock 6264da70776e2674a657bbf7dae6fecd
2019/04/19 16:31:58 ReceiveVerifiedBlock  1c62
2019/04/19 16:31:58 TransactionInBlock 59fbbaaebc36a2a3dab98d8faf856bce
2019/04/19 16:31:59 ReceiveVerifiedBlock  351c
2019/04/19 16:31:59 TransactionInBlock dd42b8893d38bd3b6f383bcb3cf8e94d
2019/04/19 16:31:59 TransactionInBlock 5804038b0d0935a111783d7b2deac562
2019/04/19 16:31:59 TransactionInBlock e3d62a980e64a63e431a9ff8ec2f8106
2019/04/19 16:32:06 ReceiveVerifiedBlock  1398
2019/04/19 16:32:10 ReceiveVerifiedBlock  f2d4
2019/04/19 16:32:12 ReceiveVerifiedBlock  8648
2019/04/19 16:32:12 TransactionInBlock 84579a92927c30b3b05fa83c6055c024
2019/04/19 16:32:12 TransactionInBlock 71efdf98ad0c0beab44514c482fa2f93
2019/04/19 16:32:18 ReceiveVerifiedBlock  334c
2019/04/19 16:32:27 ReceiveVerifiedBlock  ff74
2019/04/19 16:32:30 ReceiveVerifiedBlock  6c4e
2019/04/19 16:32:31 ReceiveVerifiedBlock  2440
2019/04/19 16:32:31 TransactionInBlock 244e8584caa0ac75db8e8af2703db716
2019/04/19 16:32:32 ReceiveVerifiedBlock  b805
2019/04/19 16:32:32 ReceiveVerifiedBlock  903b
2019/04/19 16:32:32 ReceiveVerifiedBlock  dfd7
2019/04/19 16:32:33 ReceiveVerifiedBlock  719c
2019/04/19 16:32:41 ReceiveVerifiedBlock  f2df
2019/04/19 16:32:48 ReceiveVerifiedBlock  1e6c
2019/04/19 16:33:13 Gossip lengthOfTransactions  91
2019/04/19 16:33:13 BlockChain lengthOfTransactions  77
2019/04/19 16:33:13 height is: 53
2019/04/19 16:33:13 RealBalance  map[7:5563 12:786 22:168 16:198 13:11396 11:7728 0:999999891028 3:300 9:342 18:312 19:176 10:32 20:6511 8:6142 1:14566 4:4674 17:310 14:3872 5:33208 2:11653 15:930 6:88 23:16]
2019/04/19 16:33:13 bandwidth  405702
2019/04/19 16:33:13 level 1 : cc58
2019/04/19 16:33:13 level 2 : cea6
2019/04/19 16:33:13 level 3 : 92cd
2019/04/19 16:33:13 level 4 : 9c71->85e9
2019/04/19 16:33:13 level 5 : caf1
2019/04/19 16:33:13 level 6 : 406a
2019/04/19 16:33:13 level 7 : 1f5d
2019/04/19 16:33:13 level 8 : 2599->3189
2019/04/19 16:33:13 level 9 : c3a2
2019/04/19 16:33:13 level 10 : 386e
2019/04/19 16:33:13 level 11 : b887
2019/04/19 16:33:13 level 12 : c2d2
2019/04/19 16:33:13 level 13 : 08f6->a6e9
2019/04/19 16:33:13 level 14 : 4432->7665
2019/04/19 16:33:13 level 15 : bc52->aa22
2019/04/19 16:33:13 level 16 : 8e44
2019/04/19 16:33:13 level 17 : eccc
2019/04/19 16:33:13 level 18 : fd4a
2019/04/19 16:33:13 level 19 : 700e
2019/04/19 16:33:13 level 20 : 3821
2019/04/19 16:33:13 level 21 : 6783
2019/04/19 16:33:13 level 22 : ebb0
2019/04/19 16:33:13 level 23 : d36f
2019/04/19 16:33:13 level 24 : cf75
2019/04/19 16:33:13 level 25 : 3baf
2019/04/19 16:33:13 level 26 : 15a2
2019/04/19 16:33:13 level 27 : 5261
2019/04/19 16:33:13 level 28 : b77b
2019/04/19 16:33:13 level 29 : b70b
2019/04/19 16:33:13 level 30 : 5511
2019/04/19 16:33:13 level 31 : abba
2019/04/19 16:33:13 level 32 : e6a0
2019/04/19 16:33:13 level 33 : 53dd
2019/04/19 16:33:13 level 34 : 3ae3
2019/04/19 16:33:13 level 35 : fb84->e983
2019/04/19 16:33:13 level 36 : b4d1
2019/04/19 16:33:13 level 37 : 8fc2
2019/04/19 16:33:13 level 38 : 1525
2019/04/19 16:33:13 level 39 : de88
2019/04/19 16:33:13 level 40 : eba4
2019/04/19 16:33:13 level 41 : 3d04
2019/04/19 16:33:13 level 42 : fc24
2019/04/19 16:33:13 level 43 : 1ad4
2019/04/19 16:33:13 level 44 : 54cd->fd81->1c62->dfd7->1e6c
2019/04/19 16:33:13 level 45 : 106b->cc44->d96f
2019/04/19 16:33:13 level 46 : e6b4->9b84->22e8->0f0d->903b
2019/04/19 16:33:13 level 47 : e2f7->8648->719c
2019/04/19 16:33:13 level 48 : 2fdb->fab6
2019/04/19 16:33:13 level 49 : dfce->94fd
2019/04/19 16:33:13 level 50 : cbd2->4748->b9ee->b805
2019/04/19 16:33:13 level 51 : 351c->1398->6c4e
2019/04/19 16:33:13 level 52 : f2d4->f2df
2019/04/19 16:33:13 level 53 : 334c->ff74->2440
2019/04/19 16:33:13 splits  5
