2019/04/19 16:28:39 ReceiveVerifiedBlock  cc58
2019/04/19 16:28:41 ReceiveVerifiedBlock  cea6
2019/04/19 16:28:41 TransactionInBlock 4ffb6f96bddcdd4fd97f9ee8ec02149d
2019/04/19 16:28:41 TransactionInBlock 636a5b3dc381d128ec9e51290fc8af24
2019/04/19 16:28:41 TransactionInBlock b68fc4b79b4c700a2766f29f9d63378a
2019/04/19 16:28:41 TransactionInBlock 17e074e6a6d90340398acb08841521c6
2019/04/19 16:28:41 TransactionInBlock 567a60697fed27f6d060c154d7d8a3a7
2019/04/19 16:28:41 TransactionInBlock f8da01a3af5bb0dfaecf388ae7d0b95a
2019/04/19 16:28:41 TransactionInBlock 3924ba00ffd55c59a1aa62eae5fc282f
2019/04/19 16:28:41 TransactionInBlock d75dd3428812077e94c4a0703bb2aed9
2019/04/19 16:28:41 TransactionInBlock 9c66f7e6a91fb5adb2590d5aa08522be
2019/04/19 16:28:41 TransactionInBlock ab8ed680e5d6424c78c6e0f4e914e831
2019/04/19 16:28:43 ReceiveVerifiedBlock  92cd
2019/04/19 16:28:43 TransactionInBlock fedc703d2351977aca9cc8079a213ac8
2019/04/19 16:28:43 TransactionInBlock 5b5ab9e7e67a20d50d684123ce6f5ad4
2019/04/19 16:28:44 ReceiveVerifiedBlock  85e9
2019/04/19 16:28:44 ReceiveVerifiedBlock  9c71
2019/04/19 16:28:44 TransactionInBlock 13c51fb2371ec8449e0da4356ac111ca
2019/04/19 16:28:45 ReceiveVerifiedBlock  caf1
2019/04/19 16:28:47 ReceiveVerifiedBlock  406a
2019/04/19 16:28:50 ReceiveVerifiedBlock  1f5d
2019/04/19 16:28:59 ReceiveVerifiedBlock  2599
2019/04/19 16:28:59 TransactionInBlock 3ae11f12b31d8247d8627c89cbdce768
2019/04/19 16:29:00 ReceiveVerifiedBlock  c3a2
2019/04/19 16:29:00 TransactionInBlock 52743d925908a919171b4c18576ee809
2019/04/19 16:29:00 TransactionInBlock 55cb764abc14eee19c07f5fc0d388961
2019/04/19 16:29:01 ReceiveVerifiedBlock  386e
2019/04/19 16:29:05 ReceiveVerifiedBlock  b887
2019/04/19 16:29:06 ReceiveVerifiedBlock  c2d2
2019/04/19 16:29:06 TransactionInBlock 7c050b1b1e64d5c2582838d8d04264c9
2019/04/19 16:29:07 ReceiveVerifiedBlock  08f6
2019/04/19 16:29:07 ReceiveVerifiedBlock  a6e9
2019/04/19 16:29:09 ReceiveVerifiedBlock  4432
2019/04/19 16:29:11 ReceiveVerifiedBlock  7665
2019/04/19 16:29:11 TransactionInBlock 5dd3859a8e9edc067c063e294d114239
2019/04/19 16:29:15 ReceiveVerifiedBlock  aa22
2019/04/19 16:29:15 ReceiveVerifiedBlock  bc52
2019/04/19 16:29:15 TransactionInBlock 605e381330aeb1e1b534873b4330f4a8
2019/04/19 16:29:16 CreateInitialBlock  ed2d
2019/04/19 16:29:16 BroadBlockIndex:  16   ed2d
2019/04/19 16:29:17 ReceiveVerifiedBlock  8e44
2019/04/19 16:29:17 ReceiveVerifiedBlock  eccc
2019/04/19 16:29:17 TransactionInBlock d5fb6c486cf971834f29e76934d10c71
2019/04/19 16:29:17 TransactionInBlock 122b74949ecc083ff5ecad1483e56e96
2019/04/19 16:29:20 ReceiveVerifiedBlock  fd4a
2019/04/19 16:29:20 ReceiveVerifiedBlock  700e
2019/04/19 16:29:29 ReceiveVerifiedBlock  3821
2019/04/19 16:29:29 ReceiveVerifiedBlock  6783
2019/04/19 16:29:31 ReceiveVerifiedBlock  ebb0
2019/04/19 16:29:33 ReceiveVerifiedBlock  d36f
2019/04/19 16:29:37 ReceiveVerifiedBlock  cf75
2019/04/19 16:29:37 TransactionInBlock 76bf0c1af044201d4a4dc03f9a904944
2019/04/19 16:29:37 TransactionInBlock 7c4c31fad851120263b0409ab9f2a678
2019/04/19 16:29:43 ReceiveVerifiedBlock  3baf
2019/04/19 16:29:43 TransactionInBlock b5c960ea0eb8e402cbb5bc436e6e20d1
2019/04/19 16:29:44 ReceiveVerifiedBlock  15a2
2019/04/19 16:29:44 TransactionInBlock 2dbff6cbbb31362affb68f4bbc0a30c0
2019/04/19 16:29:44 TransactionInBlock 35affdb070766efa5516cfe677ebfbb9
2019/04/19 16:29:44 TransactionInBlock a0f1dd24b0eb7fdce0efbefd8742114c
2019/04/19 16:29:44 TransactionInBlock 2887021f30de20b5f4bc5ba44f321de1
2019/04/19 16:29:45 ReceiveVerifiedBlock  5261
2019/04/19 16:29:45 TransactionInBlock d598ceab825d7387479a99bff9d13625
2019/04/19 16:29:45 ReceiveVerifiedBlock  b77b
2019/04/19 16:29:46 ReceiveVerifiedBlock  b70b
2019/04/19 16:29:47 ReceiveVerifiedBlock  5511
2019/04/19 16:29:47 ReceiveVerifiedBlock  abba
2019/04/19 16:29:49 ReceiveVerifiedBlock  e6a0
2019/04/19 16:29:49 ReceiveVerifiedBlock  53dd
2019/04/19 16:29:50 ReceiveVerifiedBlock  3ae3
2019/04/19 16:29:51 ReceiveVerifiedBlock  fb84
2019/04/19 16:29:52 ReceiveVerifiedBlock  b4d1
2019/04/19 16:29:52 ReceiveVerifiedBlock  e983
2019/04/19 16:29:55 ReceiveVerifiedBlock  8fc2
2019/04/19 16:29:57 ReceiveVerifiedBlock  1525
2019/04/19 16:29:57 TransactionInBlock c4cd37325f1c36f679ca8477692dd178
2019/04/19 16:29:58 ReceiveVerifiedBlock  de88
2019/04/19 16:29:58 ReceiveVerifiedBlock  eba4
2019/04/19 16:29:58 ReceiveVerifiedBlock  3d04
2019/04/19 16:30:02 ReceiveVerifiedBlock  fc24
2019/04/19 16:30:04 ReceiveVerifiedBlock  1ad4
2019/04/19 16:30:12 ReceiveVerifiedBlock  9c9e
2019/04/19 16:30:12 ReceiveVerifiedBlock  3c1e
2019/04/19 16:30:12 TransactionInBlock ef32ecb613c62bbeb3dc6f821ada3af1
2019/04/19 16:30:12 TransactionInBlock 65f82e2232b39b1d3ce7fbea1f3571c9
2019/04/19 16:30:12 TransactionInBlock 429491a84ff6ac26ef1b07006d83ca40
2019/04/19 16:30:12 TransactionInBlock a1a649abcaedb173c7d004fcab98fe13
2019/04/19 16:30:12 TransactionInBlock 911c5ab3d00d69f18438a86c032a443a
2019/04/19 16:30:23 ReceiveVerifiedBlock  106b
2019/04/19 16:30:36 ReceiveVerifiedBlock  fd81
2019/04/19 16:30:36 TransactionInBlock ffad6586b9e46d757d97487281398a5f
2019/04/19 16:30:36 TransactionInBlock ca210ef02af291644cef63ccdc6800c0
2019/04/19 16:30:36 TransactionInBlock 45becedf5c623541cf21b12c25a5a5cb
2019/04/19 16:30:36 TransactionInBlock 8d78667828f9f226e9d0094fcba4b461
2019/04/19 16:30:36 TransactionInBlock 7da42cf640c5fbc462b848b279995400
2019/04/19 16:30:36 TransactionInBlock e09435f7b8df951a6f2079bca9cf2a8f
2019/04/19 16:30:36 TransactionInBlock 06d246880925f7ad2be8b623a63ed391
2019/04/19 16:30:36 TransactionInBlock 931440af0292a96a92dcb51d07f0bcdf
2019/04/19 16:30:36 TransactionInBlock 17d87847513b766050bda638c642a5d4
2019/04/19 16:30:36 TransactionInBlock be77a5af60a05daca36ca050bbc5ccaf
2019/04/19 16:30:36 TransactionInBlock c774d769c6429333fd0a643156eeb446
2019/04/19 16:30:36 TransactionInBlock e73335111ae782b3b6bdeab56b2b9600
2019/04/19 16:30:36 TransactionInBlock 28e72f7c5346c1abadc3690211ca74f1
2019/04/19 16:30:36 TransactionInBlock 96a6b20d5b41e7e1d34de838f54ad0be
2019/04/19 16:30:36 TransactionInBlock 7a7a3515d00709ed3b3f9fa2e95f042e
2019/04/19 16:30:36 TransactionInBlock 2b0b00bb1bccbeb5f265bf789239173b
2019/04/19 16:30:36 TransactionInBlock 28762db54d19306dc26a747695c07150
2019/04/19 16:30:36 TransactionInBlock 3a43c3ee0787ca01885e8d1252f85ebc
2019/04/19 16:30:36 TransactionInBlock 4d72ddaa076cc4a49b4039408ce0981c
2019/04/19 16:30:36 TransactionInBlock dfcb73d33674b3b187e2ecfd557f2488
2019/04/19 16:30:36 TransactionInBlock f49340f0c305b6f2f42a60412670268b
2019/04/19 16:30:36 TransactionInBlock b2b13fcddd5e82439c669e3374c4745d
2019/04/19 16:30:36 TransactionInBlock 9a417798c88befafbc27cc5060e165b8
2019/04/19 16:30:36 TransactionInBlock 329523e426202eac26402e43fb6e8de3
2019/04/19 16:30:36 TransactionInBlock 06863d79cfdd0390b98257c9c113540f
2019/04/19 16:30:36 TransactionInBlock b10abce1264662ce199a2066cf2488b5
2019/04/19 16:30:36 TransactionInBlock 76eb2b0a16ac7f7506a11db0d654bf18
2019/04/19 16:30:36 TransactionInBlock c541489c066dd40549e19ce2a4605720
2019/04/19 16:30:36 TransactionInBlock 5f7cbd9c933b935ce6ef6fff8d9e6933
2019/04/19 16:30:36 TransactionInBlock f4074f0132ddfc7c2db731d513267c44
2019/04/19 16:30:36 TransactionInBlock ffbb180a8ace76cb0572771e7a32e87f
2019/04/19 16:30:36 TransactionInBlock f5990a2d66b5b28ccf058ec33af358c0
2019/04/19 16:30:36 TransactionInBlock 90ee346d2dd2c6549040f834f6d02a7d
2019/04/19 16:30:36 TransactionInBlock 5a31a592b438593d4d3d9f847517570e
2019/04/19 16:30:36 TransactionInBlock 80811a60660a4f963f7f96f07b666eeb
2019/04/19 16:30:36 TransactionInBlock f1830838993be4ce6890b8a0492b1c22
2019/04/19 16:30:36 TransactionInBlock 589cb6422d4e25950e1459b98e7393cd
2019/04/19 16:30:36 TransactionInBlock ed4f695c1646274f58b4cefbeda064eb
2019/04/19 16:30:36 TransactionInBlock b864c770f1314bdbc8a4ea82a59a2ebc
2019/04/19 16:30:36 TransactionInBlock 17648ee45dedfa3925e6376bfadd2cfb
2019/04/19 16:30:36 TransactionInBlock c6c234a48f552d7f877d8413af29174f
2019/04/19 16:30:36 TransactionInBlock 9a24d9b78fa53f39409cc6dc05914df5
2019/04/19 16:30:36 TransactionInBlock 00b38ef4270005da8d41675f1623b8c1
2019/04/19 16:30:36 TransactionInBlock fa0ed7bd1e817c7e2bb4932e57a66317
2019/04/19 16:30:36 TransactionInBlock 915f242b5261a308a2b21cf5dcb4449e
2019/04/19 16:30:36 TransactionInBlock 5f5c48420553ec28cd66f787cd556894
2019/04/19 16:30:41 ReceiveVerifiedBlock  54cd
2019/04/19 16:30:41 TransactionInBlock a2943098ddc23a228201d56c1315e4be
2019/04/19 16:30:41 TransactionInBlock c5815ae5cf6ec6c86fb644f22937803f
2019/04/19 16:30:41 TransactionInBlock 2bd34e04935a5da8890e2a42a2268524
2019/04/19 16:30:44 ReceiveVerifiedBlock  e2f7
2019/04/19 16:30:45 ReceiveVerifiedBlock  e6b4
2019/04/19 16:30:45 TransactionInBlock b4972f492ddbb5775047b827aa3e1afc
2019/04/19 16:30:45 TransactionInBlock 0ac98bf1ab6954f59fab311838b96107
2019/04/19 16:30:45 TransactionInBlock 77c023fb83384fc0074c4a3dd24f8ce2
2019/04/19 16:30:46 ReceiveVerifiedBlock  fab6
2019/04/19 16:30:46 TransactionInBlock c640f91e697b331b309f06b394cd367c
2019/04/19 16:30:48 ReceiveVerifiedBlock  9b84
2019/04/19 16:30:48 TransactionInBlock 84579a92927c30b3b05fa83c6055c024
2019/04/19 16:30:48 ReceiveVerifiedBlock  2fdb
2019/04/19 16:30:50 CreateInitialBlock  4864
2019/04/19 16:30:50 BroadBlockIndex:  49   4864
2019/04/19 16:30:51 ReceiveVerifiedBlock  d96f
2019/04/19 16:30:57 ReceiveVerifiedBlock  cc44
2019/04/19 16:31:04 ReceiveVerifiedBlock  dfce
2019/04/19 16:31:15 ReceiveVerifiedBlock  0f0d
2019/04/19 16:31:15 TransactionInBlock 8d41b00ce80e2258351dc7886c0123a6
2019/04/19 16:31:16 ReceiveVerifiedBlock  ba51
2019/04/19 16:31:16 TransactionInBlock dbb12178b45f7263fec4c687e3d42608
2019/04/19 16:31:21 ReceiveVerifiedBlock  4748
2019/04/19 16:31:23 ReceiveVerifiedBlock  7650
2019/04/19 16:31:26 ReceiveVerifiedBlock  b805
2019/04/19 16:31:31 ReceiveVerifiedBlock  cbd2
2019/04/19 16:31:31 TransactionInBlock bf81e7c7285cf768752a6654ed393197
2019/04/19 16:31:39 ReceiveVerifiedBlock  6c4e
2019/04/19 16:31:39 TransactionInBlock fe9fe033fad66e918333c359b5cd2c81
2019/04/19 16:31:47 ReceiveVerifiedBlock  b9ee
2019/04/19 16:31:47 TransactionInBlock c69704f4c63abfbc97e5cb6a26380eb4
2019/04/19 16:31:59 ReceiveVerifiedBlock  351c
2019/04/19 16:32:00 ReceiveVerifiedBlock  1c62
2019/04/19 16:32:00 TransactionInBlock b8fa86ded4cd2471bb17f15c0bb27b17
2019/04/19 16:32:00 TransactionInBlock dd42b8893d38bd3b6f383bcb3cf8e94d
2019/04/19 16:32:06 ReceiveVerifiedBlock  1398
2019/04/19 16:32:06 TransactionInBlock 5804038b0d0935a111783d7b2deac562
2019/04/19 16:32:06 ReceiveVerifiedBlock  b5b3
2019/04/19 16:32:06 TransactionInBlock 3f7f1b0f41b1c8d366e9f6a6520d236d
2019/04/19 16:32:07 ReceiveVerifiedBlock  94fd
2019/04/19 16:32:10 ReceiveVerifiedBlock  f2d4
2019/04/19 16:32:22 ReceiveVerifiedBlock  8648
2019/04/19 16:32:27 ReceiveVerifiedBlock  ff74
2019/04/19 16:32:27 TransactionInBlock 73ac6910fe946d21fcc7240cc2123b28
2019/04/19 16:32:27 TransactionInBlock aab95c355128da4d3f2734eda928177a
2019/04/19 16:32:27 TransactionInBlock 2aa2184d4c0d4f4dfaaa3028b9b30fba
2019/04/19 16:32:32 ReceiveVerifiedBlock  2fac
2019/04/19 16:32:36 CreateInitialBlock  f661
2019/04/19 16:32:36 BroadBlockIndex:  54   f661
2019/04/19 16:32:36 ReceiveVerifiedBlock  2440
2019/04/19 16:32:48 ReceiveVerifiedBlock  790d
2019/04/19 16:32:48 TransactionInBlock 6f3974a2ceaebcba891602503cb07385
2019/04/19 16:32:51 ReceiveVerifiedBlock  4ca1
2019/04/19 16:32:51 TransactionInBlock a0b0fa191133957557a675075ffb4137
2019/04/19 16:32:53 ReceiveVerifiedBlock  719c
2019/04/19 16:32:58 ReceiveVerifiedBlock  f27f
2019/04/19 16:33:10 ReceiveVerifiedBlock  8423
2019/04/19 16:33:13 Gossip lengthOfTransactions  117
2019/04/19 16:33:13 BlockChain lengthOfTransactions  103
2019/04/19 16:33:13 height is: 54
2019/04/19 16:33:13 RealBalance  map[16:29 11:7896 19:518 24:114 23:16 18:144 5:36859 10:186 14:3720 20:5485 15:808 22:42 4:2489 7:2682 6:493 9:1136 1:18814 17:14 3:68 8:5331 12:170 2:14270 0:999999887671 13:11044]
2019/04/19 16:33:13 bandwidth  495977
2019/04/19 16:33:13 level 1 : cc58
2019/04/19 16:33:13 level 2 : cea6
2019/04/19 16:33:13 level 3 : 92cd
2019/04/19 16:33:13 level 4 : 85e9->9c71
2019/04/19 16:33:13 level 5 : caf1
2019/04/19 16:33:13 level 6 : 406a
2019/04/19 16:33:13 level 7 : 1f5d
2019/04/19 16:33:13 level 8 : 2599
2019/04/19 16:33:13 level 9 : c3a2
2019/04/19 16:33:13 level 10 : 386e
2019/04/19 16:33:13 level 11 : b887
2019/04/19 16:33:13 level 12 : c2d2
2019/04/19 16:33:13 level 13 : 08f6->a6e9
2019/04/19 16:33:13 level 14 : 4432->7665
2019/04/19 16:33:13 level 15 : aa22->bc52
2019/04/19 16:33:13 level 16 : ed2d->8e44
2019/04/19 16:33:13 level 17 : eccc
2019/04/19 16:33:13 level 18 : fd4a->9c9e
2019/04/19 16:33:13 level 19 : 700e
2019/04/19 16:33:13 level 20 : 3821
2019/04/19 16:33:13 level 21 : 6783
2019/04/19 16:33:13 level 22 : ebb0
2019/04/19 16:33:13 level 23 : d36f
2019/04/19 16:33:13 level 24 : cf75
2019/04/19 16:33:13 level 25 : 3baf
2019/04/19 16:33:13 level 26 : 15a2
2019/04/19 16:33:13 level 27 : 5261
2019/04/19 16:33:13 level 28 : b77b
2019/04/19 16:33:13 level 29 : b70b
2019/04/19 16:33:13 level 30 : 5511
2019/04/19 16:33:13 level 31 : abba
2019/04/19 16:33:13 level 32 : e6a0
2019/04/19 16:33:13 level 33 : 53dd
2019/04/19 16:33:13 level 34 : 3ae3
2019/04/19 16:33:13 level 35 : fb84->e983
2019/04/19 16:33:13 level 36 : b4d1
2019/04/19 16:33:13 level 37 : 8fc2->3c1e
2019/04/19 16:33:13 level 38 : 1525
2019/04/19 16:33:13 level 39 : de88
2019/04/19 16:33:13 level 40 : eba4
2019/04/19 16:33:13 level 41 : 3d04
2019/04/19 16:33:13 level 42 : fc24
2019/04/19 16:33:13 level 43 : 1ad4->f27f
2019/04/19 16:33:13 level 44 : fd81->54cd->ba51->1c62->2fac
2019/04/19 16:33:13 level 45 : 106b->d96f->cc44
2019/04/19 16:33:13 level 46 : e6b4->9b84->0f0d->790d
2019/04/19 16:33:13 level 47 : e2f7->8648->719c
2019/04/19 16:33:13 level 48 : fab6->2fdb
2019/04/19 16:33:13 level 49 : 4864->dfce->94fd
2019/04/19 16:33:13 level 50 : 4748->7650->b805->cbd2->b9ee->4ca1
2019/04/19 16:33:13 level 51 : 6c4e->351c->1398
2019/04/19 16:33:13 level 52 : b5b3->f2d4
2019/04/19 16:33:13 level 53 : ff74->2440
2019/04/19 16:33:13 level 54 : f661->8423
2019/04/19 16:33:13 splits  6
