2019/04/19 16:28:39 ReceiveVerifiedBlock  cc58
2019/04/19 16:28:41 ReceiveVerifiedBlock  cea6
2019/04/19 16:28:41 TransactionInBlock 3924ba00ffd55c59a1aa62eae5fc282f
2019/04/19 16:28:41 TransactionInBlock 9c66f7e6a91fb5adb2590d5aa08522be
2019/04/19 16:28:41 TransactionInBlock 567a60697fed27f6d060c154d7d8a3a7
2019/04/19 16:28:41 TransactionInBlock ab8ed680e5d6424c78c6e0f4e914e831
2019/04/19 16:28:41 TransactionInBlock 636a5b3dc381d128ec9e51290fc8af24
2019/04/19 16:28:41 TransactionInBlock b68fc4b79b4c700a2766f29f9d63378a
2019/04/19 16:28:41 TransactionInBlock 17e074e6a6d90340398acb08841521c6
2019/04/19 16:28:41 TransactionInBlock d75dd3428812077e94c4a0703bb2aed9
2019/04/19 16:28:41 TransactionInBlock f8da01a3af5bb0dfaecf388ae7d0b95a
2019/04/19 16:28:43 ReceiveVerifiedBlock  92cd
2019/04/19 16:28:43 TransactionInBlock 5b5ab9e7e67a20d50d684123ce6f5ad4
2019/04/19 16:28:43 TransactionInBlock ffad6586b9e46d757d97487281398a5f
2019/04/19 16:28:43 TransactionInBlock fa0ed7bd1e817c7e2bb4932e57a66317
2019/04/19 16:28:44 ReceiveVerifiedBlock  9c71
2019/04/19 16:28:44 ReceiveVerifiedBlock  85e9
2019/04/19 16:28:45 ReceiveVerifiedBlock  caf1
2019/04/19 16:28:47 ReceiveVerifiedBlock  406a
2019/04/19 16:28:50 ReceiveVerifiedBlock  1f5d
2019/04/19 16:28:50 TransactionInBlock c774d769c6429333fd0a643156eeb446
2019/04/19 16:28:59 ReceiveVerifiedBlock  2599
2019/04/19 16:28:59 TransactionInBlock 3ae11f12b31d8247d8627c89cbdce768
2019/04/19 16:29:00 ReceiveVerifiedBlock  c3a2
2019/04/19 16:29:00 TransactionInBlock 55cb764abc14eee19c07f5fc0d388961
2019/04/19 16:29:00 TransactionInBlock 52743d925908a919171b4c18576ee809
2019/04/19 16:29:01 ReceiveVerifiedBlock  386e
2019/04/19 16:29:05 ReceiveVerifiedBlock  b887
2019/04/19 16:29:06 ReceiveVerifiedBlock  c2d2
2019/04/19 16:29:06 TransactionInBlock 7c050b1b1e64d5c2582838d8d04264c9
2019/04/19 16:29:06 TransactionInBlock c6c234a48f552d7f877d8413af29174f
2019/04/19 16:29:07 ReceiveVerifiedBlock  a6e9
2019/04/19 16:29:07 ReceiveVerifiedBlock  08f6
2019/04/19 16:29:07 TransactionInBlock b864c770f1314bdbc8a4ea82a59a2ebc
2019/04/19 16:29:09 ReceiveVerifiedBlock  4432
2019/04/19 16:29:11 ReceiveVerifiedBlock  7665
2019/04/19 16:29:11 TransactionInBlock 5dd3859a8e9edc067c063e294d114239
2019/04/19 16:29:15 ReceiveVerifiedBlock  bc52
2019/04/19 16:29:15 ReceiveVerifiedBlock  aa22
2019/04/19 16:29:15 TransactionInBlock d5fb6c486cf971834f29e76934d10c71
2019/04/19 16:29:17 ReceiveVerifiedBlock  8e44
2019/04/19 16:29:17 ReceiveVerifiedBlock  eccc
2019/04/19 16:29:17 TransactionInBlock 06863d79cfdd0390b98257c9c113540f
2019/04/19 16:29:17 TransactionInBlock 605e381330aeb1e1b534873b4330f4a8
2019/04/19 16:29:20 ReceiveVerifiedBlock  fd4a
2019/04/19 16:29:20 TransactionInBlock ffbb180a8ace76cb0572771e7a32e87f
2019/04/19 16:29:21 ReceiveVerifiedBlock  700e
2019/04/19 16:29:29 ReceiveVerifiedBlock  3821
2019/04/19 16:29:29 ReceiveVerifiedBlock  6783
2019/04/19 16:29:29 TransactionInBlock 57a3e0b2bc179bff17e086454316c28d
2019/04/19 16:29:31 ReceiveVerifiedBlock  ebb0
2019/04/19 16:29:34 ReceiveVerifiedBlock  d36f
2019/04/19 16:29:35 CreateInitialBlock  de94
2019/04/19 16:29:35 BroadBlockIndex:  24   de94
2019/04/19 16:29:37 ReceiveVerifiedBlock  cf75
2019/04/19 16:29:43 ReceiveVerifiedBlock  3baf
2019/04/19 16:29:43 TransactionInBlock 7c4c31fad851120263b0409ab9f2a678
2019/04/19 16:29:43 TransactionInBlock 4d72ddaa076cc4a49b4039408ce0981c
2019/04/19 16:29:44 ReceiveVerifiedBlock  15a2
2019/04/19 16:29:44 TransactionInBlock b5c960ea0eb8e402cbb5bc436e6e20d1
2019/04/19 16:29:44 TransactionInBlock 2dbff6cbbb31362affb68f4bbc0a30c0
2019/04/19 16:29:44 TransactionInBlock a0f1dd24b0eb7fdce0efbefd8742114c
2019/04/19 16:29:44 TransactionInBlock 2887021f30de20b5f4bc5ba44f321de1
2019/04/19 16:29:45 ReceiveVerifiedBlock  5261
2019/04/19 16:29:45 TransactionInBlock d598ceab825d7387479a99bff9d13625
2019/04/19 16:29:45 ReceiveVerifiedBlock  b77b
2019/04/19 16:29:46 ReceiveVerifiedBlock  b70b
2019/04/19 16:29:47 ReceiveVerifiedBlock  5511
2019/04/19 16:29:47 ReceiveVerifiedBlock  abba
2019/04/19 16:29:49 ReceiveVerifiedBlock  e6a0
2019/04/19 16:29:49 ReceiveVerifiedBlock  53dd
2019/04/19 16:29:49 TransactionInBlock c5815ae5cf6ec6c86fb644f22937803f
2019/04/19 16:29:50 ReceiveVerifiedBlock  3ae3
2019/04/19 16:29:50 CreateInitialBlock  b0dc
2019/04/19 16:29:50 BroadBlockIndex:  35   b0dc
2019/04/19 16:29:53 ReceiveVerifiedBlock  fb84
2019/04/19 16:29:53 ReceiveVerifiedBlock  b4d1
2019/04/19 16:29:53 ReceiveVerifiedBlock  e983
2019/04/19 16:29:55 ReceiveVerifiedBlock  8fc2
2019/04/19 16:29:57 ReceiveVerifiedBlock  1525
2019/04/19 16:29:57 TransactionInBlock b58c2da8c1e3f3dbe31eeae639232f8b
2019/04/19 16:29:57 ReceiveVerifiedBlock  de88
2019/04/19 16:29:58 ReceiveVerifiedBlock  eba4
2019/04/19 16:29:58 ReceiveVerifiedBlock  3d04
2019/04/19 16:30:03 ReceiveVerifiedBlock  fc24
2019/04/19 16:30:04 ReceiveVerifiedBlock  1ad4
2019/04/19 16:30:08 ReceiveVerifiedBlock  f995
2019/04/19 16:30:10 ReceiveVerifiedBlock  eb58
2019/04/19 16:30:10 TransactionInBlock 911c5ab3d00d69f18438a86c032a443a
2019/04/19 16:30:11 ReceiveVerifiedBlock  5dbd
2019/04/19 16:30:11 TransactionInBlock 65f82e2232b39b1d3ce7fbea1f3571c9
2019/04/19 16:30:11 TransactionInBlock 429491a84ff6ac26ef1b07006d83ca40
2019/04/19 16:30:11 TransactionInBlock a1a649abcaedb173c7d004fcab98fe13
2019/04/19 16:30:12 ReceiveVerifiedBlock  9c9e
2019/04/19 16:30:12 TransactionInBlock ec874da188e327879920287250ff0442
2019/04/19 16:30:12 TransactionInBlock a2e548e2b5471d7d2336aea2525936b2
2019/04/19 16:30:12 ReceiveVerifiedBlock  14f8
2019/04/19 16:30:12 TransactionInBlock 83ee755d03f6f6b321cb004f53fd3c39
2019/04/19 16:30:12 TransactionInBlock be77a5af60a05daca36ca050bbc5ccaf
2019/04/19 16:30:12 ReceiveVerifiedBlock  3c1e
2019/04/19 16:30:36 ReceiveVerifiedBlock  fd81
2019/04/19 16:30:41 ReceiveVerifiedBlock  54cd
2019/04/19 16:30:41 TransactionInBlock ed4f695c1646274f58b4cefbeda064eb
2019/04/19 16:30:47 ReceiveVerifiedBlock  d96f
2019/04/19 16:30:54 ReceiveVerifiedBlock  2fdb
2019/04/19 16:30:54 TransactionInBlock b4972f492ddbb5775047b827aa3e1afc
2019/04/19 16:30:54 TransactionInBlock dbb12178b45f7263fec4c687e3d42608
2019/04/19 16:30:56 ReceiveVerifiedBlock  9b84
2019/04/19 16:30:56 TransactionInBlock 6814b5f621d1616025168c519e9ab633
2019/04/19 16:30:56 TransactionInBlock a2943098ddc23a228201d56c1315e4be
2019/04/19 16:30:56 TransactionInBlock 1c7df8eb8bb9749fabbf7232925558da
2019/04/19 16:30:56 TransactionInBlock c4cd37325f1c36f679ca8477692dd178
2019/04/19 16:30:56 TransactionInBlock e91fa4ad1c0f0170cc254a45b69ceed0
2019/04/19 16:30:57 ReceiveVerifiedBlock  cc44
2019/04/19 16:31:00 ReceiveVerifiedBlock  e2f7
2019/04/19 16:31:15 ReceiveVerifiedBlock  ba51
2019/04/19 16:31:15 TransactionInBlock 71efdf98ad0c0beab44514c482fa2f93
2019/04/19 16:31:16 ReceiveVerifiedBlock  4748
2019/04/19 16:31:16 TransactionInBlock 90ee346d2dd2c6549040f834f6d02a7d
2019/04/19 16:31:17 ReceiveVerifiedBlock  b9ee
2019/04/19 16:31:17 TransactionInBlock 17648ee45dedfa3925e6376bfadd2cfb
2019/04/19 16:31:18 ReceiveVerifiedBlock  0f0d
2019/04/19 16:31:25 ReceiveVerifiedBlock  b805
2019/04/19 16:31:31 CreateInitialBlock  2f3f
2019/04/19 16:31:31 BroadBlockIndex:  51   2f3f
2019/04/19 16:31:34 ReceiveVerifiedBlock  cbd2
2019/04/19 16:31:36 ReceiveVerifiedBlock  dfce
2019/04/19 16:31:47 ReceiveVerifiedBlock  351c
2019/04/19 16:31:52 ReceiveVerifiedBlock  e6b4
2019/04/19 16:32:30 ReceiveVerifiedBlock  6c4e
2019/04/19 16:32:34 ReceiveVerifiedBlock  2440
2019/04/19 16:32:34 TransactionInBlock 6474f5b070bb3f25a23c9dfd07af1405
2019/04/19 16:32:34 TransactionInBlock 8118b14634c94bda2d6509a5c9d622a5
2019/04/19 16:32:34 TransactionInBlock 2aa2184d4c0d4f4dfaaa3028b9b30fba
2019/04/19 16:32:38 ReceiveVerifiedBlock  f2d4
2019/04/19 16:32:38 TransactionInBlock 6f3974a2ceaebcba891602503cb07385
2019/04/19 16:32:38 TransactionInBlock 8f9c83200fb77960e8d4bdf27a4f25e5
2019/04/19 16:32:38 TransactionInBlock dd42b8893d38bd3b6f383bcb3cf8e94d
2019/04/19 16:32:44 ReceiveVerifiedBlock  8793
2019/04/19 16:32:45 ReceiveVerifiedBlock  1e6c
2019/04/19 16:32:45 TransactionInBlock 4423d3289cf78e5a7db120c92a0c2f0a
2019/04/19 16:32:48 ReceiveVerifiedBlock  106b
2019/04/19 16:32:48 ReceiveVerifiedBlock  f648
2019/04/19 16:32:48 ReceiveVerifiedBlock  8648
2019/04/19 16:32:54 CreateInitialBlock  2828
2019/04/19 16:32:54 BroadBlockIndex:  54   2828
2019/04/19 16:32:58 ReceiveVerifiedBlock  0714
2019/04/19 16:33:09 ReceiveVerifiedBlock  22e8
2019/04/19 16:33:09 TransactionInBlock e3d62a980e64a63e431a9ff8ec2f8106
2019/04/19 16:33:10 ReceiveVerifiedBlock  fb08
2019/04/19 16:33:11 ReceiveVerifiedBlock  b5b3
2019/04/19 16:33:13 Gossip lengthOfTransactions  112
2019/04/19 16:33:13 BlockChain lengthOfTransactions  61
2019/04/19 16:33:13 height is: 54
2019/04/19 16:33:13 RealBalance  map[11:4234 9:247 24:114 4:7709 8:5873 6:67 10:175 1:7071 18:60 12:1334 0:999999937772 17:114 2:1063 15:380 5:19092 16:62 3:76 20:3291 14:248 7:3481 13:6264 22:42 25:1230]
2019/04/19 16:33:13 bandwidth  567793
2019/04/19 16:33:13 level 1 : cc58
2019/04/19 16:33:13 level 2 : cea6
2019/04/19 16:33:13 level 3 : 92cd
2019/04/19 16:33:13 level 4 : 9c71->85e9
2019/04/19 16:33:13 level 5 : caf1
2019/04/19 16:33:13 level 6 : 406a
2019/04/19 16:33:13 level 7 : 1f5d
2019/04/19 16:33:13 level 8 : 2599->0714
2019/04/19 16:33:13 level 9 : c3a2
2019/04/19 16:33:13 level 10 : 386e
2019/04/19 16:33:13 level 11 : b887
2019/04/19 16:33:13 level 12 : c2d2
2019/04/19 16:33:13 level 13 : a6e9->08f6
2019/04/19 16:33:13 level 14 : 4432->7665
2019/04/19 16:33:13 level 15 : bc52->aa22->eb58
2019/04/19 16:33:13 level 16 : 8e44
2019/04/19 16:33:13 level 17 : eccc
2019/04/19 16:33:13 level 18 : fd4a->9c9e
2019/04/19 16:33:13 level 19 : 700e
2019/04/19 16:33:13 level 20 : 3821->5dbd->14f8
2019/04/19 16:33:13 level 21 : 6783
2019/04/19 16:33:13 level 22 : ebb0
2019/04/19 16:33:13 level 23 : d36f
2019/04/19 16:33:13 level 24 : de94->cf75
2019/04/19 16:33:13 level 25 : 3baf
2019/04/19 16:33:13 level 26 : 15a2
2019/04/19 16:33:13 level 27 : 5261
2019/04/19 16:33:13 level 28 : b77b
2019/04/19 16:33:13 level 29 : b70b->f995
2019/04/19 16:33:13 level 30 : 5511
2019/04/19 16:33:13 level 31 : abba
2019/04/19 16:33:13 level 32 : e6a0
2019/04/19 16:33:13 level 33 : 53dd
2019/04/19 16:33:13 level 34 : 3ae3
2019/04/19 16:33:13 level 35 : b0dc->fb84->e983
2019/04/19 16:33:13 level 36 : b4d1
2019/04/19 16:33:13 level 37 : 8fc2->3c1e
2019/04/19 16:33:13 level 38 : 1525
2019/04/19 16:33:13 level 39 : de88
2019/04/19 16:33:13 level 40 : eba4
2019/04/19 16:33:13 level 41 : 3d04
2019/04/19 16:33:13 level 42 : fc24->8793
2019/04/19 16:33:13 level 43 : 1ad4
2019/04/19 16:33:13 level 44 : fd81->54cd->ba51->1e6c
2019/04/19 16:33:13 level 45 : d96f->cc44->106b
2019/04/19 16:33:13 level 46 : 9b84->0f0d->e6b4->22e8
2019/04/19 16:33:13 level 47 : e2f7->8648
2019/04/19 16:33:13 level 48 : 2fdb->fb08
2019/04/19 16:33:13 level 49 : dfce->f648
2019/04/19 16:33:13 level 50 : 4748->b9ee->b805->cbd2
2019/04/19 16:33:13 level 51 : 2f3f->351c->6c4e
2019/04/19 16:33:13 level 52 : f2d4->b5b3
2019/04/19 16:33:13 level 53 : 2440
2019/04/19 16:33:13 level 54 : 2828
2019/04/19 16:33:13 splits  4
