2019/04/19 16:28:39 ReceiveVerifiedBlock  cc58
2019/04/19 16:28:41 ReceiveVerifiedBlock  cea6
2019/04/19 16:28:41 TransactionInBlock ca210ef02af291644cef63ccdc6800c0
2019/04/19 16:28:41 TransactionInBlock 4ffb6f96bddcdd4fd97f9ee8ec02149d
2019/04/19 16:28:41 TransactionInBlock ab8ed680e5d6424c78c6e0f4e914e831
2019/04/19 16:28:41 TransactionInBlock d75dd3428812077e94c4a0703bb2aed9
2019/04/19 16:28:41 TransactionInBlock f8da01a3af5bb0dfaecf388ae7d0b95a
2019/04/19 16:28:41 TransactionInBlock 567a60697fed27f6d060c154d7d8a3a7
2019/04/19 16:28:41 TransactionInBlock 636a5b3dc381d128ec9e51290fc8af24
2019/04/19 16:28:41 TransactionInBlock 17e074e6a6d90340398acb08841521c6
2019/04/19 16:28:41 TransactionInBlock 9c66f7e6a91fb5adb2590d5aa08522be
2019/04/19 16:28:41 TransactionInBlock 3924ba00ffd55c59a1aa62eae5fc282f
2019/04/19 16:28:41 TransactionInBlock b68fc4b79b4c700a2766f29f9d63378a
2019/04/19 16:28:43 ReceiveVerifiedBlock  92cd
2019/04/19 16:28:43 TransactionInBlock 00b38ef4270005da8d41675f1623b8c1
2019/04/19 16:28:44 ReceiveVerifiedBlock  85e9
2019/04/19 16:28:44 ReceiveVerifiedBlock  9c71
2019/04/19 16:28:44 TransactionInBlock 13c51fb2371ec8449e0da4356ac111ca
2019/04/19 16:28:45 ReceiveVerifiedBlock  caf1
2019/04/19 16:28:47 ReceiveVerifiedBlock  406a
2019/04/19 16:28:50 ReceiveVerifiedBlock  1f5d
2019/04/19 16:28:50 TransactionInBlock c774d769c6429333fd0a643156eeb446
2019/04/19 16:28:50 TransactionInBlock 5f5c48420553ec28cd66f787cd556894
2019/04/19 16:28:59 ReceiveVerifiedBlock  2599
2019/04/19 16:28:59 TransactionInBlock 3ae11f12b31d8247d8627c89cbdce768
2019/04/19 16:29:00 ReceiveVerifiedBlock  c3a2
2019/04/19 16:29:00 TransactionInBlock 55cb764abc14eee19c07f5fc0d388961
2019/04/19 16:29:00 TransactionInBlock 52743d925908a919171b4c18576ee809
2019/04/19 16:29:00 CreateInitialBlock  9399
2019/04/19 16:29:00 BroadBlockIndex:  10   9399
2019/04/19 16:29:01 ReceiveVerifiedBlock  386e
2019/04/19 16:29:05 ReceiveVerifiedBlock  b887
2019/04/19 16:29:06 ReceiveVerifiedBlock  c2d2
2019/04/19 16:29:06 TransactionInBlock 7c050b1b1e64d5c2582838d8d04264c9
2019/04/19 16:29:06 TransactionInBlock c6c234a48f552d7f877d8413af29174f
2019/04/19 16:29:07 ReceiveVerifiedBlock  a6e9
2019/04/19 16:29:08 ReceiveVerifiedBlock  08f6
2019/04/19 16:29:08 TransactionInBlock 17d87847513b766050bda638c642a5d4
2019/04/19 16:29:08 TransactionInBlock 5dd3859a8e9edc067c063e294d114239
2019/04/19 16:29:09 ReceiveVerifiedBlock  4432
2019/04/19 16:29:11 ReceiveVerifiedBlock  7665
2019/04/19 16:29:15 ReceiveVerifiedBlock  aa22
2019/04/19 16:29:15 ReceiveVerifiedBlock  bc52
2019/04/19 16:29:15 TransactionInBlock 605e381330aeb1e1b534873b4330f4a8
2019/04/19 16:29:17 ReceiveVerifiedBlock  8e44
2019/04/19 16:29:17 ReceiveVerifiedBlock  eccc
2019/04/19 16:29:20 ReceiveVerifiedBlock  fd4a
2019/04/19 16:29:20 TransactionInBlock 06863d79cfdd0390b98257c9c113540f
2019/04/19 16:29:20 TransactionInBlock ffbb180a8ace76cb0572771e7a32e87f
2019/04/19 16:29:20 ReceiveVerifiedBlock  700e
2019/04/19 16:29:29 ReceiveVerifiedBlock  3821
2019/04/19 16:29:29 ReceiveVerifiedBlock  6783
2019/04/19 16:29:29 TransactionInBlock 45becedf5c623541cf21b12c25a5a5cb
2019/04/19 16:29:31 ReceiveVerifiedBlock  ebb0
2019/04/19 16:29:34 ReceiveVerifiedBlock  d36f
2019/04/19 16:29:37 ReceiveVerifiedBlock  cf75
2019/04/19 16:29:37 TransactionInBlock 76bf0c1af044201d4a4dc03f9a904944
2019/04/19 16:29:37 TransactionInBlock 7c4c31fad851120263b0409ab9f2a678
2019/04/19 16:29:43 ReceiveVerifiedBlock  3baf
2019/04/19 16:29:43 TransactionInBlock b5c960ea0eb8e402cbb5bc436e6e20d1
2019/04/19 16:29:44 ReceiveVerifiedBlock  15a2
2019/04/19 16:29:44 TransactionInBlock 2887021f30de20b5f4bc5ba44f321de1
2019/04/19 16:29:44 TransactionInBlock 2dbff6cbbb31362affb68f4bbc0a30c0
2019/04/19 16:29:45 ReceiveVerifiedBlock  5261
2019/04/19 16:29:45 ReceiveVerifiedBlock  b77b
2019/04/19 16:29:46 ReceiveVerifiedBlock  b70b
2019/04/19 16:29:46 ReceiveVerifiedBlock  5511
2019/04/19 16:29:47 ReceiveVerifiedBlock  abba
2019/04/19 16:29:49 ReceiveVerifiedBlock  e6a0
2019/04/19 16:29:49 ReceiveVerifiedBlock  53dd
2019/04/19 16:29:50 ReceiveVerifiedBlock  3ae3
2019/04/19 16:29:50 TransactionInBlock c5815ae5cf6ec6c86fb644f22937803f
2019/04/19 16:29:52 ReceiveVerifiedBlock  b4d1
2019/04/19 16:29:53 ReceiveVerifiedBlock  e983
2019/04/19 16:29:53 TransactionInBlock dfcb73d33674b3b187e2ecfd557f2488
2019/04/19 16:29:53 TransactionInBlock 28e72f7c5346c1abadc3690211ca74f1
2019/04/19 16:29:53 TransactionInBlock 3a43c3ee0787ca01885e8d1252f85ebc
2019/04/19 16:29:53 TransactionInBlock 4d72ddaa076cc4a49b4039408ce0981c
2019/04/19 16:29:53 TransactionInBlock 2b0b00bb1bccbeb5f265bf789239173b
2019/04/19 16:29:53 TransactionInBlock fa0ed7bd1e817c7e2bb4932e57a66317
2019/04/19 16:29:53 TransactionInBlock e09435f7b8df951a6f2079bca9cf2a8f
2019/04/19 16:29:53 TransactionInBlock 5b5ab9e7e67a20d50d684123ce6f5ad4
2019/04/19 16:29:53 TransactionInBlock 7a7a3515d00709ed3b3f9fa2e95f042e
2019/04/19 16:29:53 TransactionInBlock f5990a2d66b5b28ccf058ec33af358c0
2019/04/19 16:29:53 TransactionInBlock 122b74949ecc083ff5ecad1483e56e96
2019/04/19 16:29:53 TransactionInBlock 589cb6422d4e25950e1459b98e7393cd
2019/04/19 16:29:53 TransactionInBlock d5fb6c486cf971834f29e76934d10c71
2019/04/19 16:29:53 TransactionInBlock a0f1dd24b0eb7fdce0efbefd8742114c
2019/04/19 16:29:53 TransactionInBlock 329523e426202eac26402e43fb6e8de3
2019/04/19 16:29:53 TransactionInBlock f4074f0132ddfc7c2db731d513267c44
2019/04/19 16:29:53 TransactionInBlock 80811a60660a4f963f7f96f07b666eeb
2019/04/19 16:29:53 TransactionInBlock 5a31a592b438593d4d3d9f847517570e
2019/04/19 16:29:53 TransactionInBlock 76eb2b0a16ac7f7506a11db0d654bf18
2019/04/19 16:29:53 TransactionInBlock 35affdb070766efa5516cfe677ebfbb9
2019/04/19 16:29:53 TransactionInBlock fedc703d2351977aca9cc8079a213ac8
2019/04/19 16:29:53 TransactionInBlock d598ceab825d7387479a99bff9d13625
2019/04/19 16:29:53 TransactionInBlock 0ac98bf1ab6954f59fab311838b96107
2019/04/19 16:29:53 TransactionInBlock 9a24d9b78fa53f39409cc6dc05914df5
2019/04/19 16:29:53 TransactionInBlock 96a6b20d5b41e7e1d34de838f54ad0be
2019/04/19 16:29:53 TransactionInBlock ffad6586b9e46d757d97487281398a5f
2019/04/19 16:29:53 TransactionInBlock a2943098ddc23a228201d56c1315e4be
2019/04/19 16:29:53 TransactionInBlock 8d78667828f9f226e9d0094fcba4b461
2019/04/19 16:29:53 TransactionInBlock 7da42cf640c5fbc462b848b279995400
2019/04/19 16:29:53 TransactionInBlock b864c770f1314bdbc8a4ea82a59a2ebc
2019/04/19 16:29:53 ReceiveVerifiedBlock  fb84
2019/04/19 16:29:54 ReceiveVerifiedBlock  8fc2
2019/04/19 16:29:57 ReceiveVerifiedBlock  1525
2019/04/19 16:29:57 TransactionInBlock c4cd37325f1c36f679ca8477692dd178
2019/04/19 16:29:58 ReceiveVerifiedBlock  de88
2019/04/19 16:29:58 TransactionInBlock f49340f0c305b6f2f42a60412670268b
2019/04/19 16:29:58 ReceiveVerifiedBlock  eba4
2019/04/19 16:29:58 TransactionInBlock 5f7cbd9c933b935ce6ef6fff8d9e6933
2019/04/19 16:29:58 ReceiveVerifiedBlock  3d04
2019/04/19 16:30:03 ReceiveVerifiedBlock  fc24
2019/04/19 16:30:04 ReceiveVerifiedBlock  b949
2019/04/19 16:30:04 TransactionInBlock be77a5af60a05daca36ca050bbc5ccaf
2019/04/19 16:30:08 ReceiveVerifiedBlock  f995
2019/04/19 16:30:09 ReceiveVerifiedBlock  2fff
2019/04/19 16:30:09 TransactionInBlock 911c5ab3d00d69f18438a86c032a443a
2019/04/19 16:30:09 TransactionInBlock e73335111ae782b3b6bdeab56b2b9600
2019/04/19 16:30:09 TransactionInBlock b10abce1264662ce199a2066cf2488b5
2019/04/19 16:30:09 TransactionInBlock b2b13fcddd5e82439c669e3374c4745d
2019/04/19 16:30:09 TransactionInBlock 915f242b5261a308a2b21cf5dcb4449e
2019/04/19 16:30:11 ReceiveVerifiedBlock  5dbd
2019/04/19 16:30:11 TransactionInBlock 2bd34e04935a5da8890e2a42a2268524
2019/04/19 16:30:12 ReceiveVerifiedBlock  3189
2019/04/19 16:30:12 ReceiveVerifiedBlock  ba51
2019/04/19 16:30:19 ReceiveVerifiedBlock  1ad4
2019/04/19 16:30:19 TransactionInBlock 06d246880925f7ad2be8b623a63ed391
2019/04/19 16:30:19 TransactionInBlock b58c2da8c1e3f3dbe31eeae639232f8b
2019/04/19 16:30:19 TransactionInBlock 1c7df8eb8bb9749fabbf7232925558da
2019/04/19 16:30:19 TransactionInBlock 77c023fb83384fc0074c4a3dd24f8ce2
2019/04/19 16:30:41 ReceiveVerifiedBlock  54cd
2019/04/19 16:30:41 TransactionInBlock 8118b14634c94bda2d6509a5c9d622a5
2019/04/19 16:30:41 TransactionInBlock 3fbb7322678f79331c1d727c62cdb814
2019/04/19 16:30:41 TransactionInBlock 1c456d9491f3e2ac9a839e68e7d1bd41
2019/04/19 16:30:41 TransactionInBlock c7dd27dccd9280b5c7f36ff918cc41f0
2019/04/19 16:30:44 ReceiveVerifiedBlock  fd81
2019/04/19 16:30:44 TransactionInBlock b85e554bb98deef3f767e1accb82b1a1
2019/04/19 16:30:44 TransactionInBlock 83ee755d03f6f6b321cb004f53fd3c39
2019/04/19 16:30:44 TransactionInBlock 90ee346d2dd2c6549040f834f6d02a7d
2019/04/19 16:30:44 TransactionInBlock b4972f492ddbb5775047b827aa3e1afc
2019/04/19 16:30:44 TransactionInBlock cf0b29648803c87c7db51b2d9e7f10db
2019/04/19 16:30:44 TransactionInBlock ec874da188e327879920287250ff0442
2019/04/19 16:30:46 ReceiveVerifiedBlock  e6b4
2019/04/19 16:30:48 ReceiveVerifiedBlock  9b84
2019/04/19 16:30:48 TransactionInBlock b8fa86ded4cd2471bb17f15c0bb27b17
2019/04/19 16:30:49 ReceiveVerifiedBlock  d96f
2019/04/19 16:30:49 TransactionInBlock dbb12178b45f7263fec4c687e3d42608
2019/04/19 16:30:50 ReceiveVerifiedBlock  22e8
2019/04/19 16:31:00 ReceiveVerifiedBlock  e2f7
2019/04/19 16:31:02 ReceiveVerifiedBlock  dfce
2019/04/19 16:31:02 TransactionInBlock c640f91e697b331b309f06b394cd367c
2019/04/19 16:31:05 ReceiveVerifiedBlock  fab6
2019/04/19 16:31:06 ReceiveVerifiedBlock  cc44
2019/04/19 16:31:15 ReceiveVerifiedBlock  7650
2019/04/19 16:31:18 ReceiveVerifiedBlock  b9ee
2019/04/19 16:31:18 TransactionInBlock 88823e6f950d0b6c1d3bfdb04c89d18a
2019/04/19 16:31:18 TransactionInBlock 4cdfb7efef19362a310d832050878bb4
2019/04/19 16:31:18 TransactionInBlock 6264da70776e2674a657bbf7dae6fecd
2019/04/19 16:31:22 ReceiveVerifiedBlock  cbd2
2019/04/19 16:31:36 ReceiveVerifiedBlock  4748
2019/04/19 16:31:36 TransactionInBlock b423cd3a780d6c3ac8ae18b2892a5982
2019/04/19 16:31:36 ReceiveVerifiedBlock  351c
2019/04/19 16:31:36 TransactionInBlock 59fbbaaebc36a2a3dab98d8faf856bce
2019/04/19 16:31:38 ReceiveVerifiedBlock  6c4e
2019/04/19 16:31:45 ReceiveVerifiedBlock  0f0d
2019/04/19 16:31:45 TransactionInBlock dd42b8893d38bd3b6f383bcb3cf8e94d
2019/04/19 16:32:06 ReceiveVerifiedBlock  1398
2019/04/19 16:32:12 CreateInitialBlock  a730
2019/04/19 16:32:12 TransactionInBlock 5804038b0d0935a111783d7b2deac562
2019/04/19 16:32:12 TransactionInBlock 71efdf98ad0c0beab44514c482fa2f93
2019/04/19 16:32:12 BroadBlockIndex:  52   a730
2019/04/19 16:32:12 ReceiveVerifiedBlock  4ca1
2019/04/19 16:32:12 ReceiveVerifiedBlock  8648
2019/04/19 16:32:20 ReceiveVerifiedBlock  f2d4
2019/04/19 16:32:24 ReceiveVerifiedBlock  280c
2019/04/19 16:32:24 TransactionInBlock 2aa2184d4c0d4f4dfaaa3028b9b30fba
2019/04/19 16:32:24 TransactionInBlock aab95c355128da4d3f2734eda928177a
2019/04/19 16:32:32 ReceiveVerifiedBlock  903b
2019/04/19 16:32:32 ReceiveVerifiedBlock  dfd7
2019/04/19 16:32:32 TransactionInBlock 6f3974a2ceaebcba891602503cb07385
2019/04/19 16:32:33 ReceiveVerifiedBlock  719c
2019/04/19 16:32:35 ReceiveVerifiedBlock  2440
2019/04/19 16:32:39 ReceiveVerifiedBlock  b805
2019/04/19 16:32:39 TransactionInBlock 8f9c83200fb77960e8d4bdf27a4f25e5
2019/04/19 16:32:44 ReceiveVerifiedBlock  8793
2019/04/19 16:32:48 ReceiveVerifiedBlock  106b
2019/04/19 16:32:48 TransactionInBlock e887393126e23f5dd957662e4c2e3de6
2019/04/19 16:32:48 TransactionInBlock 244e8584caa0ac75db8e8af2703db716
2019/04/19 16:32:48 ReceiveVerifiedBlock  f648
2019/04/19 16:32:49 ReceiveVerifiedBlock  1e6c
2019/04/19 16:32:57 ReceiveVerifiedBlock  0714
2019/04/19 16:32:59 ReceiveVerifiedBlock  f27f
2019/04/19 16:32:59 TransactionInBlock 4423d3289cf78e5a7db120c92a0c2f0a
2019/04/19 16:33:06 ReceiveVerifiedBlock  20c1
2019/04/19 16:33:06 TransactionInBlock 84579a92927c30b3b05fa83c6055c024
2019/04/19 16:33:08 ReceiveVerifiedBlock  de2b
2019/04/19 16:33:10 ReceiveVerifiedBlock  fb08
2019/04/19 16:33:10 ReceiveVerifiedBlock  8423
2019/04/19 16:33:13 Gossip lengthOfTransactions  117
2019/04/19 16:33:13 BlockChain lengthOfTransactions  105
2019/04/19 16:33:13 height is: 54
2019/04/19 16:33:13 RealBalance  map[0:999999933362 19:1785 3:248 9:98 5:11789 2:1346 25:1230 4:5203 21:1032 18:3386 7:3481 1:1028 14:1498 13:9204 8:7937 12:1246 24:1638 6:207 15:255 22:252 23:112 10:2219 16:257 20:4977 17:13 11:6196]
2019/04/19 16:33:13 bandwidth  479706
2019/04/19 16:33:13 level 1 : cc58
2019/04/19 16:33:13 level 2 : cea6
2019/04/19 16:33:13 level 3 : 92cd
2019/04/19 16:33:13 level 4 : 85e9->9c71
2019/04/19 16:33:13 level 5 : caf1
2019/04/19 16:33:13 level 6 : 406a
2019/04/19 16:33:13 level 7 : 1f5d
2019/04/19 16:33:13 level 8 : 2599->3189->0714
2019/04/19 16:33:13 level 9 : c3a2
2019/04/19 16:33:13 level 10 : 9399->386e
2019/04/19 16:33:13 level 11 : b887
2019/04/19 16:33:13 level 12 : c2d2
2019/04/19 16:33:13 level 13 : a6e9->08f6
2019/04/19 16:33:13 level 14 : 4432->7665
2019/04/19 16:33:13 level 15 : aa22->bc52
2019/04/19 16:33:13 level 16 : 8e44
2019/04/19 16:33:13 level 17 : eccc
2019/04/19 16:33:13 level 18 : fd4a
2019/04/19 16:33:13 level 19 : 700e
2019/04/19 16:33:13 level 20 : 3821->5dbd
2019/04/19 16:33:13 level 21 : 6783
2019/04/19 16:33:13 level 22 : ebb0
2019/04/19 16:33:13 level 23 : d36f
2019/04/19 16:33:13 level 24 : cf75->2fff
2019/04/19 16:33:13 level 25 : 3baf
2019/04/19 16:33:13 level 26 : 15a2
2019/04/19 16:33:13 level 27 : 5261
2019/04/19 16:33:13 level 28 : b77b
2019/04/19 16:33:13 level 29 : b70b->f995
2019/04/19 16:33:13 level 30 : 5511
2019/04/19 16:33:13 level 31 : abba
2019/04/19 16:33:13 level 32 : e6a0
2019/04/19 16:33:13 level 33 : 53dd
2019/04/19 16:33:13 level 34 : 3ae3
2019/04/19 16:33:13 level 35 : e983->fb84
2019/04/19 16:33:13 level 36 : b4d1
2019/04/19 16:33:13 level 37 : 8fc2
2019/04/19 16:33:13 level 38 : 1525
2019/04/19 16:33:13 level 39 : de88
2019/04/19 16:33:13 level 40 : eba4
2019/04/19 16:33:13 level 41 : 3d04
2019/04/19 16:33:13 level 42 : fc24->8793
2019/04/19 16:33:13 level 43 : b949->1ad4->280c->f27f
2019/04/19 16:33:13 level 44 : ba51->54cd->fd81->dfd7->1e6c->de2b
2019/04/19 16:33:13 level 45 : d96f->cc44->106b
2019/04/19 16:33:13 level 46 : e6b4->9b84->22e8->0f0d->903b
2019/04/19 16:33:13 level 47 : e2f7->8648->719c
2019/04/19 16:33:13 level 48 : fab6->fb08
2019/04/19 16:33:13 level 49 : dfce->f648
2019/04/19 16:33:13 level 50 : 7650->b9ee->cbd2->4748->4ca1->b805
2019/04/19 16:33:13 level 51 : 351c->6c4e->1398
2019/04/19 16:33:13 level 52 : a730->f2d4
2019/04/19 16:33:13 level 53 : 2440
2019/04/19 16:33:13 level 54 : 20c1->8423
2019/04/19 16:33:13 splits  6
