2019/04/19 16:28:38 ReceiveVerifiedBlock  cc58
2019/04/19 16:28:41 ReceiveVerifiedBlock  cea6
2019/04/19 16:28:41 TransactionInBlock 567a60697fed27f6d060c154d7d8a3a7
2019/04/19 16:28:41 TransactionInBlock 4ffb6f96bddcdd4fd97f9ee8ec02149d
2019/04/19 16:28:41 TransactionInBlock ab8ed680e5d6424c78c6e0f4e914e831
2019/04/19 16:28:41 TransactionInBlock 3924ba00ffd55c59a1aa62eae5fc282f
2019/04/19 16:28:41 TransactionInBlock b68fc4b79b4c700a2766f29f9d63378a
2019/04/19 16:28:43 ReceiveVerifiedBlock  92cd
2019/04/19 16:28:43 TransactionInBlock 00b38ef4270005da8d41675f1623b8c1
2019/04/19 16:28:43 TransactionInBlock ffad6586b9e46d757d97487281398a5f
2019/04/19 16:28:43 TransactionInBlock fa0ed7bd1e817c7e2bb4932e57a66317
2019/04/19 16:28:44 ReceiveVerifiedBlock  9c71
2019/04/19 16:28:44 ReceiveVerifiedBlock  85e9
2019/04/19 16:28:45 ReceiveVerifiedBlock  caf1
2019/04/19 16:28:47 ReceiveVerifiedBlock  406a
2019/04/19 16:28:50 ReceiveVerifiedBlock  1f5d
2019/04/19 16:28:50 TransactionInBlock c774d769c6429333fd0a643156eeb446
2019/04/19 16:28:59 ReceiveVerifiedBlock  2599
2019/04/19 16:28:59 TransactionInBlock 3ae11f12b31d8247d8627c89cbdce768
2019/04/19 16:29:00 ReceiveVerifiedBlock  c3a2
2019/04/19 16:29:00 TransactionInBlock 52743d925908a919171b4c18576ee809
2019/04/19 16:29:00 TransactionInBlock 55cb764abc14eee19c07f5fc0d388961
2019/04/19 16:29:01 ReceiveVerifiedBlock  386e
2019/04/19 16:29:05 ReceiveVerifiedBlock  b887
2019/04/19 16:29:06 ReceiveVerifiedBlock  c2d2
2019/04/19 16:29:06 TransactionInBlock 7c050b1b1e64d5c2582838d8d04264c9
2019/04/19 16:29:06 TransactionInBlock c6c234a48f552d7f877d8413af29174f
2019/04/19 16:29:06 TransactionInBlock f1830838993be4ce6890b8a0492b1c22
2019/04/19 16:29:07 ReceiveVerifiedBlock  a6e9
2019/04/19 16:29:08 ReceiveVerifiedBlock  08f6
2019/04/19 16:29:08 TransactionInBlock 17d87847513b766050bda638c642a5d4
2019/04/19 16:29:09 ReceiveVerifiedBlock  4432
2019/04/19 16:29:09 TransactionInBlock 5dd3859a8e9edc067c063e294d114239
2019/04/19 16:29:11 ReceiveVerifiedBlock  7665
2019/04/19 16:29:15 ReceiveVerifiedBlock  bc52
2019/04/19 16:29:15 ReceiveVerifiedBlock  aa22
2019/04/19 16:29:17 ReceiveVerifiedBlock  8e44
2019/04/19 16:29:17 ReceiveVerifiedBlock  eccc
2019/04/19 16:29:17 TransactionInBlock 122b74949ecc083ff5ecad1483e56e96
2019/04/19 16:29:20 ReceiveVerifiedBlock  fd4a
2019/04/19 16:29:21 ReceiveVerifiedBlock  700e
2019/04/19 16:29:26 CreateInitialBlock  cd34
2019/04/19 16:29:26 BroadBlockIndex:  20   cd34
2019/04/19 16:29:29 ReceiveVerifiedBlock  3821
2019/04/19 16:29:29 ReceiveVerifiedBlock  6783
2019/04/19 16:29:29 TransactionInBlock 45becedf5c623541cf21b12c25a5a5cb
2019/04/19 16:29:29 TransactionInBlock c541489c066dd40549e19ce2a4605720
2019/04/19 16:29:31 ReceiveVerifiedBlock  ebb0
2019/04/19 16:29:33 ReceiveVerifiedBlock  d36f
2019/04/19 16:29:37 ReceiveVerifiedBlock  cf75
2019/04/19 16:29:37 TransactionInBlock 76bf0c1af044201d4a4dc03f9a904944
2019/04/19 16:29:39 CreateInitialBlock  cff7
2019/04/19 16:29:39 BroadBlockIndex:  25   cff7
2019/04/19 16:29:43 ReceiveVerifiedBlock  3baf
2019/04/19 16:29:44 ReceiveVerifiedBlock  15a2
2019/04/19 16:29:44 TransactionInBlock b5c960ea0eb8e402cbb5bc436e6e20d1
2019/04/19 16:29:44 TransactionInBlock a0f1dd24b0eb7fdce0efbefd8742114c
2019/04/19 16:29:44 TransactionInBlock 4d72ddaa076cc4a49b4039408ce0981c
2019/04/19 16:29:44 TransactionInBlock 2887021f30de20b5f4bc5ba44f321de1
2019/04/19 16:29:44 TransactionInBlock 2dbff6cbbb31362affb68f4bbc0a30c0
2019/04/19 16:29:45 ReceiveVerifiedBlock  5261
2019/04/19 16:29:45 ReceiveVerifiedBlock  b77b
2019/04/19 16:29:46 ReceiveVerifiedBlock  b70b
2019/04/19 16:29:47 ReceiveVerifiedBlock  5511
2019/04/19 16:29:47 ReceiveVerifiedBlock  abba
2019/04/19 16:29:49 ReceiveVerifiedBlock  e6a0
2019/04/19 16:29:49 ReceiveVerifiedBlock  53dd
2019/04/19 16:29:49 TransactionInBlock c5815ae5cf6ec6c86fb644f22937803f
2019/04/19 16:29:50 ReceiveVerifiedBlock  3ae3
2019/04/19 16:29:52 ReceiveVerifiedBlock  fb84
2019/04/19 16:29:53 ReceiveVerifiedBlock  e983
2019/04/19 16:29:53 ReceiveVerifiedBlock  b4d1
2019/04/19 16:29:55 ReceiveVerifiedBlock  8fc2
2019/04/19 16:29:57 ReceiveVerifiedBlock  1525
2019/04/19 16:29:57 TransactionInBlock 1c7df8eb8bb9749fabbf7232925558da
2019/04/19 16:29:57 TransactionInBlock c4cd37325f1c36f679ca8477692dd178
2019/04/19 16:29:57 TransactionInBlock b58c2da8c1e3f3dbe31eeae639232f8b
2019/04/19 16:29:57 ReceiveVerifiedBlock  de88
2019/04/19 16:29:58 ReceiveVerifiedBlock  eba4
2019/04/19 16:29:58 ReceiveVerifiedBlock  3d04
2019/04/19 16:30:02 ReceiveVerifiedBlock  fc24
2019/04/19 16:30:04 ReceiveVerifiedBlock  1ad4
2019/04/19 16:30:04 ReceiveVerifiedBlock  b949
2019/04/19 16:30:12 ReceiveVerifiedBlock  3189
2019/04/19 16:30:41 ReceiveVerifiedBlock  54cd
2019/04/19 16:30:41 TransactionInBlock 65f82e2232b39b1d3ce7fbea1f3571c9
2019/04/19 16:30:41 TransactionInBlock c2eca1e3d11cf38ba5f36e7a5261d076
2019/04/19 16:30:41 TransactionInBlock e91fa4ad1c0f0170cc254a45b69ceed0
2019/04/19 16:30:43 ReceiveVerifiedBlock  fd81
2019/04/19 16:30:43 TransactionInBlock 3fbb7322678f79331c1d727c62cdb814
2019/04/19 16:30:43 TransactionInBlock eeab08a3cc6eb8d216a0b4620e55ada3
2019/04/19 16:30:43 ReceiveVerifiedBlock  0f0d
2019/04/19 16:30:43 TransactionInBlock b4972f492ddbb5775047b827aa3e1afc
2019/04/19 16:30:47 ReceiveVerifiedBlock  d96f
2019/04/19 16:30:47 TransactionInBlock 2b0b00bb1bccbeb5f265bf789239173b
2019/04/19 16:30:47 TransactionInBlock 0ac98bf1ab6954f59fab311838b96107
2019/04/19 16:30:47 TransactionInBlock f5990a2d66b5b28ccf058ec33af358c0
2019/04/19 16:30:47 TransactionInBlock 96a6b20d5b41e7e1d34de838f54ad0be
2019/04/19 16:30:47 TransactionInBlock f4074f0132ddfc7c2db731d513267c44
2019/04/19 16:30:47 TransactionInBlock d598ceab825d7387479a99bff9d13625
2019/04/19 16:30:47 TransactionInBlock 7da42cf640c5fbc462b848b279995400
2019/04/19 16:30:47 TransactionInBlock f49340f0c305b6f2f42a60412670268b
2019/04/19 16:30:47 TransactionInBlock 9a24d9b78fa53f39409cc6dc05914df5
2019/04/19 16:30:47 TransactionInBlock 35affdb070766efa5516cfe677ebfbb9
2019/04/19 16:30:47 TransactionInBlock 2bd34e04935a5da8890e2a42a2268524
2019/04/19 16:30:47 TransactionInBlock 5f7cbd9c933b935ce6ef6fff8d9e6933
2019/04/19 16:30:47 TransactionInBlock ffbb180a8ace76cb0572771e7a32e87f
2019/04/19 16:30:47 TransactionInBlock 80811a60660a4f963f7f96f07b666eeb
2019/04/19 16:30:47 TransactionInBlock 13c51fb2371ec8449e0da4356ac111ca
2019/04/19 16:30:47 TransactionInBlock 28e72f7c5346c1abadc3690211ca74f1
2019/04/19 16:30:47 TransactionInBlock 3a43c3ee0787ca01885e8d1252f85ebc
2019/04/19 16:30:47 TransactionInBlock 5f5c48420553ec28cd66f787cd556894
2019/04/19 16:30:47 TransactionInBlock 7a7a3515d00709ed3b3f9fa2e95f042e
2019/04/19 16:30:47 TransactionInBlock 589cb6422d4e25950e1459b98e7393cd
2019/04/19 16:30:47 TransactionInBlock 77c023fb83384fc0074c4a3dd24f8ce2
2019/04/19 16:30:47 TransactionInBlock 605e381330aeb1e1b534873b4330f4a8
2019/04/19 16:30:47 TransactionInBlock e09435f7b8df951a6f2079bca9cf2a8f
2019/04/19 16:30:47 TransactionInBlock 5b5ab9e7e67a20d50d684123ce6f5ad4
2019/04/19 16:30:47 TransactionInBlock 71efdf98ad0c0beab44514c482fa2f93
2019/04/19 16:30:47 TransactionInBlock 06863d79cfdd0390b98257c9c113540f
2019/04/19 16:30:47 TransactionInBlock 7c4c31fad851120263b0409ab9f2a678
2019/04/19 16:30:47 TransactionInBlock d5fb6c486cf971834f29e76934d10c71
2019/04/19 16:30:47 TransactionInBlock 06d246880925f7ad2be8b623a63ed391
2019/04/19 16:30:47 TransactionInBlock b864c770f1314bdbc8a4ea82a59a2ebc
2019/04/19 16:30:56 ReceiveVerifiedBlock  9b84
2019/04/19 16:30:56 TransactionInBlock fedc703d2351977aca9cc8079a213ac8
2019/04/19 16:30:56 TransactionInBlock a2943098ddc23a228201d56c1315e4be
2019/04/19 16:31:00 ReceiveVerifiedBlock  e2f7
2019/04/19 16:31:00 TransactionInBlock c640f91e697b331b309f06b394cd367c
2019/04/19 16:31:00 TransactionInBlock 5a31a592b438593d4d3d9f847517570e
2019/04/19 16:31:02 ReceiveVerifiedBlock  dfce
2019/04/19 16:31:06 ReceiveVerifiedBlock  cc44
2019/04/19 16:31:07 CreateInitialBlock  ca03
2019/04/19 16:31:07 BroadBlockIndex:  50   ca03
2019/04/19 16:31:22 ReceiveVerifiedBlock  cbd2
2019/04/19 16:31:23 ReceiveVerifiedBlock  7650
2019/04/19 16:31:23 TransactionInBlock dbb12178b45f7263fec4c687e3d42608
2019/04/19 16:31:23 TransactionInBlock 4cdfb7efef19362a310d832050878bb4
2019/04/19 16:31:23 TransactionInBlock a2cc63fd7d8bcf411e81023ab54e99fa
2019/04/19 16:31:25 ReceiveVerifiedBlock  b805
2019/04/19 16:31:26 ReceiveVerifiedBlock  b9ee
2019/04/19 16:31:38 ReceiveVerifiedBlock  4748
2019/04/19 16:31:45 ReceiveVerifiedBlock  351c
2019/04/19 16:31:45 TransactionInBlock fe9fe033fad66e918333c359b5cd2c81
2019/04/19 16:31:50 ReceiveVerifiedBlock  e6b4
2019/04/19 16:31:55 ReceiveVerifiedBlock  bf6e
2019/04/19 16:31:55 TransactionInBlock f770876b5300868872d0d845e1403576
2019/04/19 16:31:55 TransactionInBlock 3f7f1b0f41b1c8d366e9f6a6520d236d
2019/04/19 16:31:58 ReceiveVerifiedBlock  6c4e
2019/04/19 16:32:17 ReceiveVerifiedBlock  280c
2019/04/19 16:32:25 ReceiveVerifiedBlock  1de3
2019/04/19 16:32:25 TransactionInBlock a39f05ebf2053ba0976d51a6875c09b7
2019/04/19 16:32:25 TransactionInBlock 2aa2184d4c0d4f4dfaaa3028b9b30fba
2019/04/19 16:32:38 ReceiveVerifiedBlock  f2d4
2019/04/19 16:32:38 TransactionInBlock aab95c355128da4d3f2734eda928177a
2019/04/19 16:32:43 ReceiveVerifiedBlock  719c
2019/04/19 16:32:43 TransactionInBlock 68d4de4d24757caaaf902afae9e04048
2019/04/19 16:32:43 TransactionInBlock ef32ecb613c62bbeb3dc6f821ada3af1
2019/04/19 16:32:43 TransactionInBlock f1d7b9e9419fce6ef4adc99579cbd9f9
2019/04/19 16:32:43 TransactionInBlock b423cd3a780d6c3ac8ae18b2892a5982
2019/04/19 16:32:46 ReceiveVerifiedBlock  8648
2019/04/19 16:32:46 TransactionInBlock 244e8584caa0ac75db8e8af2703db716
2019/04/19 16:32:46 TransactionInBlock 17232671c8e5f30e243905ec3c334f9e
2019/04/19 16:32:46 ReceiveVerifiedBlock  106b
2019/04/19 16:32:48 ReceiveVerifiedBlock  790d
2019/04/19 16:32:49 ReceiveVerifiedBlock  f2df
2019/04/19 16:32:52 ReceiveVerifiedBlock  4ca1
2019/04/19 16:32:52 ReceiveVerifiedBlock  1e6c
2019/04/19 16:33:09 ReceiveVerifiedBlock  8423
2019/04/19 16:33:09 ReceiveVerifiedBlock  2fdb
2019/04/19 16:33:09 TransactionInBlock 0f8d977dc663c55b912e22b1adb7eaf8
2019/04/19 16:33:09 TransactionInBlock 6b5b4696edc455c6fb946a2e1798757b
2019/04/19 16:33:09 TransactionInBlock ae6205a88e6be60354b638b54b17dad6
2019/04/19 16:33:12 ReceiveVerifiedBlock  22e8
2019/04/19 16:33:13 Gossip lengthOfTransactions  95
2019/04/19 16:33:13 BlockChain lengthOfTransactions  88
2019/04/19 16:33:13 height is: 54
2019/04/19 16:33:13 RealBalance  map[15:223 24:285 16:342 7:4168 25:1164 11:6292 19:66 18:337 14:1328 8:7631 5:26146 9:920 2:503 17:234 0:999999922847 22:42 20:6202 3:370 23:48 10:2028 1:7586 13:7817 4:1215 6:1437 12:768]
2019/04/19 16:33:13 bandwidth  401308
2019/04/19 16:33:13 level 1 : cc58
2019/04/19 16:33:13 level 2 : cea6
2019/04/19 16:33:13 level 3 : 92cd
2019/04/19 16:33:13 level 4 : 9c71->85e9
2019/04/19 16:33:13 level 5 : caf1
2019/04/19 16:33:13 level 6 : 406a
2019/04/19 16:33:13 level 7 : 1f5d
2019/04/19 16:33:13 level 8 : 2599->3189
2019/04/19 16:33:13 level 9 : c3a2
2019/04/19 16:33:13 level 10 : 386e
2019/04/19 16:33:13 level 11 : b887
2019/04/19 16:33:13 level 12 : c2d2
2019/04/19 16:33:13 level 13 : a6e9->08f6
2019/04/19 16:33:13 level 14 : 4432->7665
2019/04/19 16:33:13 level 15 : bc52->aa22
2019/04/19 16:33:13 level 16 : 8e44
2019/04/19 16:33:13 level 17 : eccc
2019/04/19 16:33:13 level 18 : fd4a
2019/04/19 16:33:13 level 19 : 700e
2019/04/19 16:33:13 level 20 : cd34->3821
2019/04/19 16:33:13 level 21 : 6783
2019/04/19 16:33:13 level 22 : ebb0
2019/04/19 16:33:13 level 23 : d36f
2019/04/19 16:33:13 level 24 : cf75
2019/04/19 16:33:13 level 25 : cff7->3baf
2019/04/19 16:33:13 level 26 : 15a2
2019/04/19 16:33:13 level 27 : 5261
2019/04/19 16:33:13 level 28 : b77b
2019/04/19 16:33:13 level 29 : b70b
2019/04/19 16:33:13 level 30 : 5511
2019/04/19 16:33:13 level 31 : abba
2019/04/19 16:33:13 level 32 : e6a0
2019/04/19 16:33:13 level 33 : 53dd
2019/04/19 16:33:13 level 34 : 3ae3
2019/04/19 16:33:13 level 35 : fb84->e983
2019/04/19 16:33:13 level 36 : b4d1
2019/04/19 16:33:13 level 37 : 8fc2
2019/04/19 16:33:13 level 38 : 1525
2019/04/19 16:33:13 level 39 : de88
2019/04/19 16:33:13 level 40 : eba4
2019/04/19 16:33:13 level 41 : 3d04
2019/04/19 16:33:13 level 42 : fc24
2019/04/19 16:33:13 level 43 : 1ad4->b949->280c
2019/04/19 16:33:13 level 44 : 54cd->fd81->1e6c
2019/04/19 16:33:13 level 45 : d96f->cc44->106b
2019/04/19 16:33:13 level 46 : 0f0d->9b84->e6b4->790d->22e8
2019/04/19 16:33:13 level 47 : e2f7->719c->8648
2019/04/19 16:33:13 level 48 : 2fdb
2019/04/19 16:33:13 level 49 : dfce
2019/04/19 16:33:13 level 50 : ca03->cbd2->7650->b805->b9ee->4748->4ca1
2019/04/19 16:33:13 level 51 : 351c->6c4e->1de3
2019/04/19 16:33:13 level 52 : bf6e->f2d4->f2df
2019/04/19 16:33:13 level 53 : 
2019/04/19 16:33:13 level 54 : 8423
2019/04/19 16:33:13 splits  7
